<?xml version="1.0" encoding="UTF-8"?>
<!-- Generated by org.testng.reporters.JUnitXMLReporter -->
<testsuite hostname="MSalman" ignored="2" name="CrossBrowserChromeTest" tests="2" failures="0" timestamp="09 Aug 2019 12:10:21 GMT" time="7.58" errors="0">
  <testcase name="addNewAndUpdateComputer" time="0.045" classname="unified.automation.Test.ComputerApplicationCreationAndUpdationTest"/>
  <testcase name="addNewAndDeleteComputer" time="0.002" classname="unified.automation.Test.ComputerApplicationCreationAndDeletionTest"/>
  <testcase name="@BeforeTest intializeTest" time="0.0" classname="unified.automation.framework.Utility.TestInitialization">
    <ignored/>
  </testcase> <!-- @BeforeTest intializeTest -->
  <testcase name="@AfterTest tearDown" time="0.0" classname="unified.automation.framework.Utility.TestInitialization">
    <ignored/>
  </testcase> <!-- @AfterTest tearDown -->
</testsuite> <!-- CrossBrowserChromeTest -->
