<?xml version="1.0" encoding="UTF-8"?>
<testng-results skipped="0" failed="0" ignored="2" total="4" passed="2">
  <reporter-output>
  </reporter-output>
  <suite name="Suite" duration-ms="7580" started-at="2019-08-09T12:10:14Z" finished-at="2019-08-09T12:10:21Z">
    <groups>
    </groups>
    <test name="CrossBrowserChromeTest" duration-ms="7580" started-at="2019-08-09T12:10:14Z" finished-at="2019-08-09T12:10:21Z">
      <class name="unified.automation.Test.ComputerApplicationCreationAndUpdationTest">
        <test-method status="PASS" signature="intializeTest(java.lang.String)[pri:0, instance:unified.automation.Test.ComputerApplicationCreationAndUpdationTest@56ac3a89]" name="intializeTest" is-config="true" duration-ms="6988" started-at="2019-08-09T12:10:14Z" finished-at="2019-08-09T12:10:21Z">
          <params>
            <param index="0">
              <value>
                <![CDATA[chrome]]>
              </value>
            </param>
          </params>
          <reporter-output>
          </reporter-output>
        </test-method> <!-- intializeTest -->
        <test-method status="PASS" signature="addNewAndUpdateComputer(java.lang.String, java.lang.String, java.lang.String, java.lang.String, java.lang.String, java.lang.String)[pri:0, instance:unified.automation.Test.ComputerApplicationCreationAndUpdationTest@56ac3a89]" name="addNewAndUpdateComputer" duration-ms="45" started-at="2019-08-09T12:10:21Z" data-provider="TestDataForComputerCreateAndUpdateOperation" finished-at="2019-08-09T12:10:21Z">
          <params>
            <param index="0">
              <value>
                <![CDATA[r.moharanacomputer]]>
              </value>
            </param>
            <param index="1">
              <value>
                <![CDATA[1999-06-04]]>
              </value>
            </param>
            <param index="2">
              <value>
                <![CDATA[1999-06-04]]>
              </value>
            </param>
            <param index="3">
              <value>
                <![CDATA[Apple Inc.]]>
              </value>
            </param>
            <param index="4">
              <value>
                <![CDATA[Add a computer]]>
              </value>
            </param>
            <param index="5">
              <value>
                <![CDATA[Edit computer]]>
              </value>
            </param>
          </params>
          <reporter-output>
          </reporter-output>
        </test-method> <!-- addNewAndUpdateComputer -->
        <test-method status="PASS" signature="tearDown()[pri:0, instance:unified.automation.Test.ComputerApplicationCreationAndUpdationTest@56ac3a89]" name="tearDown" is-config="true" duration-ms="531" started-at="2019-08-09T12:10:21Z" finished-at="2019-08-09T12:10:21Z">
          <reporter-output>
          </reporter-output>
        </test-method> <!-- tearDown -->
      </class> <!-- unified.automation.Test.ComputerApplicationCreationAndUpdationTest -->
      <class name="unified.automation.Test.ComputerApplicationCreationAndDeletionTest">
        <test-method status="PASS" signature="addNewAndDeleteComputer(java.lang.String, java.lang.String, java.lang.String, java.lang.String, java.lang.String, java.lang.String)[pri:0, instance:unified.automation.Test.ComputerApplicationCreationAndDeletionTest@27c20538]" name="addNewAndDeleteComputer" duration-ms="2" started-at="2019-08-09T12:10:21Z" data-provider="TestDataForComputerCreateAndDeletionOperation" finished-at="2019-08-09T12:10:21Z">
          <params>
            <param index="0">
              <value>
                <![CDATA[r.moharanacomputer]]>
              </value>
            </param>
            <param index="1">
              <value>
                <![CDATA[1999-06-04]]>
              </value>
            </param>
            <param index="2">
              <value>
                <![CDATA[1999-06-04]]>
              </value>
            </param>
            <param index="3">
              <value>
                <![CDATA[Apple Inc.]]>
              </value>
            </param>
            <param index="4">
              <value>
                <![CDATA[Add a computer]]>
              </value>
            </param>
            <param index="5">
              <value>
                <![CDATA[Computer has been deleted]]>
              </value>
            </param>
          </params>
          <reporter-output>
          </reporter-output>
        </test-method> <!-- addNewAndDeleteComputer -->
      </class> <!-- unified.automation.Test.ComputerApplicationCreationAndDeletionTest -->
    </test> <!-- CrossBrowserChromeTest -->
  </suite> <!-- Suite -->
</testng-results>
